Connecting to database specified by database.yml


Started GET "/" for 127.0.0.1 at 2015-04-05 21:49:36 -0300
Connecting to database specified by database.yml
Processing by HomeController#index as HTML
  Rendered home/index.html.haml within layouts/application (2.9ms)
Compiled application.css  (0ms)  (pid 27201)
Completed 200 OK in 104.6ms (Views: 104.3ms | ActiveRecord: 0.0ms)


Started GET "/assets/application.css?body=1" for 127.0.0.1 at 2015-04-05 21:49:38 -0300
Served asset /application.css - 200 OK (4ms)


Started GET "/images/bg2.gif" for 127.0.0.1 at 2015-04-05 21:49:38 -0300

ActionController::RoutingError (No route matches [GET] "/images/bg2.gif"):
  actionpack (3.2.16) lib/action_dispatch/middleware/debug_exceptions.rb:21:in `call'
  actionpack (3.2.16) lib/action_dispatch/middleware/show_exceptions.rb:56:in `call'
  railties (3.2.16) lib/rails/rack/logger.rb:32:in `call_app'
  railties (3.2.16) lib/rails/rack/logger.rb:16:in `block in call'
  activesupport (3.2.16) lib/active_support/tagged_logging.rb:22:in `tagged'
  railties (3.2.16) lib/rails/rack/logger.rb:16:in `call'
  actionpack (3.2.16) lib/action_dispatch/middleware/request_id.rb:22:in `call'
  rack (1.4.5) lib/rack/methodoverride.rb:21:in `call'
  rack (1.4.5) lib/rack/runtime.rb:17:in `call'
  activesupport (3.2.16) lib/active_support/cache/strategy/local_cache.rb:72:in `call'
  rack (1.4.5) lib/rack/lock.rb:15:in `call'
  actionpack (3.2.16) lib/action_dispatch/middleware/static.rb:63:in `call'
  railties (3.2.16) lib/rails/engine.rb:484:in `call'
  railties (3.2.16) lib/rails/application.rb:231:in `call'
  rack (1.4.5) lib/rack/content_length.rb:14:in `call'
  railties (3.2.16) lib/rails/rack/log_tailer.rb:17:in `call'
  rack (1.4.5) lib/rack/handler/webrick.rb:59:in `service'
  /home/saasbook/.rvm/rubies/ruby-1.9.3-p448/lib/ruby/1.9.1/webrick/httpserver.rb:138:in `service'
  /home/saasbook/.rvm/rubies/ruby-1.9.3-p448/lib/ruby/1.9.1/webrick/httpserver.rb:94:in `run'
  /home/saasbook/.rvm/rubies/ruby-1.9.3-p448/lib/ruby/1.9.1/webrick/server.rb:191:in `block in start_thread'


  Rendered /home/saasbook/.rvm/gems/ruby-1.9.3-p448/gems/actionpack-3.2.16/lib/action_dispatch/middleware/templates/rescues/routing_error.erb within rescues/layout (0.6ms)


Started GET "/user" for 127.0.0.1 at 2015-04-05 21:49:48 -0300

ActionController::RoutingError (No route matches [GET] "/user"):
  actionpack (3.2.16) lib/action_dispatch/middleware/debug_exceptions.rb:21:in `call'
  actionpack (3.2.16) lib/action_dispatch/middleware/show_exceptions.rb:56:in `call'
  railties (3.2.16) lib/rails/rack/logger.rb:32:in `call_app'
  railties (3.2.16) lib/rails/rack/logger.rb:16:in `block in call'
  activesupport (3.2.16) lib/active_support/tagged_logging.rb:22:in `tagged'
  railties (3.2.16) lib/rails/rack/logger.rb:16:in `call'
  actionpack (3.2.16) lib/action_dispatch/middleware/request_id.rb:22:in `call'
  rack (1.4.5) lib/rack/methodoverride.rb:21:in `call'
  rack (1.4.5) lib/rack/runtime.rb:17:in `call'
  activesupport (3.2.16) lib/active_support/cache/strategy/local_cache.rb:72:in `call'
  rack (1.4.5) lib/rack/lock.rb:15:in `call'
  actionpack (3.2.16) lib/action_dispatch/middleware/static.rb:63:in `call'
  railties (3.2.16) lib/rails/engine.rb:484:in `call'
  railties (3.2.16) lib/rails/application.rb:231:in `call'
  rack (1.4.5) lib/rack/content_length.rb:14:in `call'
  railties (3.2.16) lib/rails/rack/log_tailer.rb:17:in `call'
  rack (1.4.5) lib/rack/handler/webrick.rb:59:in `service'
  /home/saasbook/.rvm/rubies/ruby-1.9.3-p448/lib/ruby/1.9.1/webrick/httpserver.rb:138:in `service'
  /home/saasbook/.rvm/rubies/ruby-1.9.3-p448/lib/ruby/1.9.1/webrick/httpserver.rb:94:in `run'
  /home/saasbook/.rvm/rubies/ruby-1.9.3-p448/lib/ruby/1.9.1/webrick/server.rb:191:in `block in start_thread'


  Rendered /home/saasbook/.rvm/gems/ruby-1.9.3-p448/gems/actionpack-3.2.16/lib/action_dispatch/middleware/templates/rescues/routing_error.erb within rescues/layout (0.9ms)
Connecting to database specified by database.yml
  [1m[36m (40.4ms)[0m  [1mSELECT "schema_migrations"."version" FROM "schema_migrations" [0m
Migrating to CreateUsers (20130228022440)
Migrating to CreateUserblogs (20130228025427)
Migrating to CreateEntries (20130403211749)
Migrating to CreateFollows (20130427024924)
  [1m[35m (0.1ms)[0m  select sqlite_version(*)
  [1m[36m (0.2ms)[0m  [1mbegin transaction[0m
  [1m[35m (0.1ms)[0m  CREATE TABLE "follows" ("id" INTEGER PRIMARY KEY AUTOINCREMENT NOT NULL, "follower_id" integer, "followed_id" integer, "created_at" datetime NOT NULL, "updated_at" datetime NOT NULL) 
SQLite3::SQLException: table "follows" already exists: CREATE TABLE "follows" ("id" INTEGER PRIMARY KEY AUTOINCREMENT NOT NULL, "follower_id" integer, "followed_id" integer, "created_at" datetime NOT NULL, "updated_at" datetime NOT NULL) 
  [1m[36m (0.1ms)[0m  [1mrollback transaction[0m


Started GET "/users" for 127.0.0.1 at 2015-04-05 22:11:15 -0300
Processing by UsersController#index as HTML
  [1m[36mUser Load (0.2ms)[0m  [1mSELECT "users".* FROM "users" [0m
  Rendered users/index.html.erb within layouts/application (3.8ms)
Completed 200 OK in 496.7ms (Views: 22.6ms | ActiveRecord: 4.6ms)
Connecting to database specified by database.yml


Started GET "/users/1" for 127.0.0.1 at 2015-04-05 23:02:31 -0300
Processing by UsersController#show as HTML
  Parameters: {"id"=>"1"}
  [1m[35mUser Load (0.3ms)[0m  SELECT "users".* FROM "users" WHERE "users"."id" = ? LIMIT 1  [["id", "1"]]
  Rendered users/show.html.erb within layouts/application (1.2ms)
Completed 200 OK in 39.6ms (Views: 32.6ms | ActiveRecord: 0.3ms)


Started GET "/users/1/userblogs" for 127.0.0.1 at 2015-04-05 23:02:39 -0300
Processing by UserblogsController#index as HTML
  Parameters: {"user_id"=>"1"}
  [1m[36mUserblog Load (0.2ms)[0m  [1mSELECT "userblogs".* FROM "userblogs" WHERE "userblogs"."user_id" = 1[0m
  [1m[35mUser Load (0.1ms)[0m  SELECT "users".* FROM "users" WHERE "users"."id" = ? LIMIT 1  [["id", "1"]]
  Rendered userblogs/index.html.erb within layouts/application (1.7ms)
Completed 200 OK in 39.8ms (Views: 4.6ms | ActiveRecord: 0.5ms)
